<?xml version="1.0" encoding="UTF-8"?>
<!-- Generated by org.testng.reporters.JUnitReportReporter -->
<testsuite hostname="Ray.fios-router.home" failures="0" tests="1" name="q2.Q2" time="11.431" errors="0" timestamp="18 May 2018 19:32:19 GMT" skipped="0">
  <testcase classname="q2.Q2" name="q2" time="11.431"/>
</testsuite> <!-- q2.Q2 -->
